2019-02-20 19:26:56
<xml><ToUserName><![CDATA[gh_18da60b3fba7]]></ToUserName>
<FromUserName><![CDATA[ozJOO5jUo2Sda1SXPoc5p_pXeFPo]]></FromUserName>
<CreateTime>1550661682</CreateTime>
<MsgType><![CDATA[image]]></MsgType>
<PicUrl><![CDATA[http://mmbiz.qpic.cn/mmbiz_jpg/7URTmjpCnicdBnA14RMqqYbRd1XSWKlw3plNM7HCQ6Wd4LziaYRU2TH1p6hOSGYzM2XP7NIFT11jspZ6gGA0vic4g/0]]></PicUrl>
<MsgId>22200140060826529</MsgId>
<MediaId><![CDATA[i9WEXMOwPKIY_wai6SX0-TVsRmpxrDCklVPK0pBCJ7xin0V88NsVKyLwidFatPuk]]></MediaId>
</xml>
<<<<<<<2019-02-20 19:28:04
<xml><ToUserName><![CDATA[gh_18da60b3fba7]]></ToUserName>
<FromUserName><![CDATA[ozJOO5jUo2Sda1SXPoc5p_pXeFPo]]></FromUserName>
<CreateTime>1550661682</CreateTime>
<MsgType><![CDATA[image]]></MsgType>
<PicUrl><![CDATA[http://mmbiz.qpic.cn/mmbiz_jpg/7URTmjpCnicdBnA14RMqqYbRd1XSWKlw3plNM7HCQ6Wd4LziaYRU2TH1p6hOSGYzM2XP7NIFT11jspZ6gGA0vic4g/0]]></PicUrl>
<MsgId>22200140060826529</MsgId>
<MediaId><![CDATA[i9WEXMOwPKIY_wai6SX0-TVsRmpxrDCklVPK0pBCJ7xin0V88NsVKyLwidFatPuk]]></MediaId>
</xml>
<<<<<<<2019-02-25 11:48:47
<xml><ToUserName><![CDATA[gh_18da60b3fba7]]></ToUserName>
<FromUserName><![CDATA[ozJOO5jUo2Sda1SXPoc5p_pXeFPo]]></FromUserName>
<CreateTime>1551066371</CreateTime>
<MsgType><![CDATA[text]]></MsgType>
<Content><![CDATA[徐士浩]]></Content>
<MsgId>22205932088036317</MsgId>
</xml>

<<<<<<<